<?xml version="1.0" encoding="UTF-8"?>
<testng-results skipped="0" failed="0" ignored="0" total="1" passed="1">
  <reporter-output>
  </reporter-output>
  <suite name="Default suite" duration-ms="8811" started-at="2020-05-22T22:51:27 EDT" finished-at="2020-05-22T22:51:35 EDT">
    <groups>
    </groups>
    <test name="Default test" duration-ms="8811" started-at="2020-05-22T22:51:27 EDT" finished-at="2020-05-22T22:51:35 EDT">
      <class name="practicepackage.OpenBrowser">
        <test-method status="PASS" signature="open()[pri:0, instance:practicepackage.OpenBrowser@6c49835d]" name="open" duration-ms="8749" started-at="2020-05-22T22:51:27 EDT" finished-at="2020-05-22T22:51:35 EDT">
          <reporter-output>
          </reporter-output>
        </test-method> <!-- open -->
      </class> <!-- practicepackage.OpenBrowser -->
    </test> <!-- Default test -->
  </suite> <!-- Default suite -->
</testng-results>
